[2m2021-03-07 18:56:05.431[0;39m [  ] [32m INFO[0;39m [35m12376[0;39m [2m---[0;39m [2m[  restartedMain][0;39m [36mcom.revature.Project1Application        [0;39m [2m:[0;39m Starting Project1Application using Java 15.0.1 on DESKTOP-JBB4F52 with PID 12376 (C:\Users\Jared Malkin\revature\210201sre\Project1\project1\target\classes started by Jared Malkin in C:\Users\Jared Malkin\revature\210201sre\Project1\project1)
[2m2021-03-07 18:56:07.465[0;39m [  ] [32m INFO[0;39m [35m12376[0;39m [2m---[0;39m [2m[  restartedMain][0;39m [36mcom.revature.Project1Application        [0;39m [2m:[0;39m No active profile set, falling back to default profiles: default
[2m2021-03-07 18:56:12.780[0;39m [  ] [32m INFO[0;39m [35m12376[0;39m [2m---[0;39m [2m[  restartedMain][0;39m [36mcom.revature.Project1Application        [0;39m [2m:[0;39m Started Project1Application in 9.732 seconds (JVM running for 10.909)
2021-03-07 18:56:53.961 [  ]  INFO 16720 --- [           main] com.revature.Project1ApplicationTests    : Starting Project1ApplicationTests using Java 1.8.0_282 on DESKTOP-JBB4F52 with PID 16720 (started by Jared Malkin in C:\Users\Jared Malkin\revature\210201sre\project1\project1)
2021-03-07 18:56:56.008 [  ]  INFO 16720 --- [           main] com.revature.Project1ApplicationTests    : No active profile set, falling back to default profiles: default
2021-03-07 18:57:04.777 [  ]  INFO 16720 --- [           main] com.revature.Project1ApplicationTests    : Started Project1ApplicationTests in 13.243 seconds (JVM running for 14.698)
2021-03-07 22:21:45.191 [  ]  INFO 15920 --- [           main] com.revature.Project1ApplicationTests    : Starting Project1ApplicationTests using Java 1.8.0_282 on DESKTOP-JBB4F52 with PID 15920 (started by Jared Malkin in C:\Users\Jared Malkin\revature\210201sre\Project1\project1)
2021-03-07 22:21:47.243 [  ]  INFO 15920 --- [           main] com.revature.Project1ApplicationTests    : No active profile set, falling back to default profiles: default
2021-03-07 22:21:55.687 [  ]  INFO 15920 --- [           main] com.revature.Project1ApplicationTests    : Started Project1ApplicationTests in 12.903 seconds (JVM running for 14.304)
2021-03-07 22:47:00.343 [  ]  INFO 16240 --- [           main] com.revature.Project1ApplicationTests    : Starting Project1ApplicationTests using Java 1.8.0_282 on DESKTOP-JBB4F52 with PID 16240 (started by Jared Malkin in C:\Users\Jared Malkin\revature\210201sre\project1\project1)
2021-03-07 22:47:02.414 [  ]  INFO 16240 --- [           main] com.revature.Project1ApplicationTests    : No active profile set, falling back to default profiles: default
2021-03-07 22:47:09.876 [  ]  INFO 16240 --- [           main] com.revature.Project1ApplicationTests    : Started Project1ApplicationTests in 11.917 seconds (JVM running for 13.189)
2021-03-07 23:13:21.280 [  ]  INFO 18932 --- [           main] com.revature.Project1ApplicationTests    : Starting Project1ApplicationTests using Java 1.8.0_282 on DESKTOP-JBB4F52 with PID 18932 (started by Jared Malkin in C:\Users\Jared Malkin\revature\210201sre\Project1\project1)
2021-03-07 23:13:23.341 [  ]  INFO 18932 --- [           main] com.revature.Project1ApplicationTests    : No active profile set, falling back to default profiles: default
2021-03-07 23:13:31.438 [  ]  INFO 18932 --- [           main] com.revature.Project1ApplicationTests    : Started Project1ApplicationTests in 12.553 seconds (JVM running for 13.914)
2021-03-07 23:31:35.096 [  ]  INFO 10484 --- [           main] com.revature.Project1ApplicationTests    : Starting Project1ApplicationTests using Java 1.8.0_282 on DESKTOP-JBB4F52 with PID 10484 (started by Jared Malkin in C:\Users\Jared Malkin\revature\210201sre\project1\project1)
2021-03-07 23:31:37.148 [  ]  INFO 10484 --- [           main] com.revature.Project1ApplicationTests    : No active profile set, falling back to default profiles: default
2021-03-07 23:31:44.786 [  ]  INFO 10484 --- [           main] com.revature.Project1ApplicationTests    : Started Project1ApplicationTests in 12.141 seconds (JVM running for 13.439)
[2m2021-03-07 23:49:18.276[0;39m [  ] [32m INFO[0;39m [35m7088[0;39m [2m---[0;39m [2m[  restartedMain][0;39m [36mcom.revature.Project1Application        [0;39m [2m:[0;39m Starting Project1Application using Java 15.0.1 on DESKTOP-JBB4F52 with PID 7088 (C:\Users\Jared Malkin\revature\210201sre\Project1\project1\target\classes started by Jared Malkin in C:\Users\Jared Malkin\revature\210201sre\Project1\project1)
[2m2021-03-07 23:49:20.317[0;39m [  ] [32m INFO[0;39m [35m7088[0;39m [2m---[0;39m [2m[  restartedMain][0;39m [36mcom.revature.Project1Application        [0;39m [2m:[0;39m No active profile set, falling back to default profiles: default
[2m2021-03-07 23:49:25.318[0;39m [  ] [32m INFO[0;39m [35m7088[0;39m [2m---[0;39m [2m[  restartedMain][0;39m [36mcom.revature.Project1Application        [0;39m [2m:[0;39m Started Project1Application in 9.395 seconds (JVM running for 10.27)
[2m2021-03-07 23:50:31.515[0;39m [ event=GetAllUsers ] [32m INFO[0;39m [35m7088[0;39m [2m---[0;39m [2m[nio-8080-exec-2][0;39m [36mcom.revature.services.UserService       [0;39m [2m:[0;39m Getting all Users
2021-03-07 23:52:27.324 [  ]  INFO 15552 --- [           main] com.revature.Project1ApplicationTests    : Starting Project1ApplicationTests using Java 1.8.0_282 on DESKTOP-JBB4F52 with PID 15552 (started by Jared Malkin in C:\Users\Jared Malkin\revature\210201sre\Project1\project1)
2021-03-07 23:52:29.385 [  ]  INFO 15552 --- [           main] com.revature.Project1ApplicationTests    : No active profile set, falling back to default profiles: default
2021-03-07 23:52:36.695 [  ]  INFO 15552 --- [           main] com.revature.Project1ApplicationTests    : Started Project1ApplicationTests in 11.739 seconds (JVM running for 12.978)
2021-03-08 00:07:50.826 [  ]  INFO 288 --- [           main] com.revature.Project1ApplicationTests    : Starting Project1ApplicationTests using Java 1.8.0_282 on DESKTOP-JBB4F52 with PID 288 (started by Jared Malkin in C:\Users\Jared Malkin\revature\210201sre\project1\project1)
2021-03-08 00:07:52.887 [  ]  INFO 288 --- [           main] com.revature.Project1ApplicationTests    : No active profile set, falling back to default profiles: default
2021-03-08 00:08:00.178 [  ]  INFO 288 --- [           main] com.revature.Project1ApplicationTests    : Started Project1ApplicationTests in 11.755 seconds (JVM running for 13.06)
2021-03-08 00:20:34.091 [  ]  INFO 18392 --- [           main] com.revature.Project1ApplicationTests    : Starting Project1ApplicationTests using Java 1.8.0_282 on DESKTOP-JBB4F52 with PID 18392 (started by Jared Malkin in C:\Users\Jared Malkin\revature\210201sre\Project1\project1)
2021-03-08 00:20:36.134 [  ]  INFO 18392 --- [           main] com.revature.Project1ApplicationTests    : No active profile set, falling back to default profiles: default
2021-03-08 00:20:45.116 [  ]  INFO 18392 --- [           main] com.revature.Project1ApplicationTests    : Started Project1ApplicationTests in 13.524 seconds (JVM running for 14.942)
2021-03-08 00:52:13.524 [  ]  INFO 8132 --- [           main] com.revature.Project1ApplicationTests    : Starting Project1ApplicationTests using Java 1.8.0_282 on DESKTOP-JBB4F52 with PID 8132 (started by Jared Malkin in C:\Users\Jared Malkin\revature\210201sre\Project1\project1)
2021-03-08 00:52:15.615 [  ]  INFO 8132 --- [           main] com.revature.Project1ApplicationTests    : No active profile set, falling back to default profiles: default
2021-03-08 00:52:22.673 [  ]  INFO 8132 --- [           main] com.revature.Project1ApplicationTests    : Started Project1ApplicationTests in 11.493 seconds (JVM running for 12.689)
[2m2021-03-08 11:33:38.653[0;39m [  ] [32m INFO[0;39m [35m11596[0;39m [2m---[0;39m [2m[  restartedMain][0;39m [36mcom.revature.Project1Application        [0;39m [2m:[0;39m Starting Project1Application using Java 15.0.1 on DESKTOP-JBB4F52 with PID 11596 (C:\Users\Jared Malkin\revature\210201sre\Project1\project1\target\classes started by Jared Malkin in C:\Users\Jared Malkin\revature\210201sre\Project1\project1)
[2m2021-03-08 11:33:40.699[0;39m [  ] [32m INFO[0;39m [35m11596[0;39m [2m---[0;39m [2m[  restartedMain][0;39m [36mcom.revature.Project1Application        [0;39m [2m:[0;39m No active profile set, falling back to default profiles: default
[2m2021-03-08 11:33:46.279[0;39m [  ] [32m INFO[0;39m [35m11596[0;39m [2m---[0;39m [2m[  restartedMain][0;39m [36mcom.revature.Project1Application        [0;39m [2m:[0;39m Started Project1Application in 10.019 seconds (JVM running for 11.428)
[2m2021-03-08 11:34:50.959[0;39m [ event=login ] [32m INFO[0;39m [35m11596[0;39m [2m---[0;39m [2m[nio-8080-exec-2][0;39m [36mcom.revature.services.UserService       [0;39m [2m:[0;39m User successfully logged in
[2m2021-03-08 11:35:06.916[0;39m [ event=GetAllAccounts ] [32m INFO[0;39m [35m11596[0;39m [2m---[0;39m [2m[nio-8080-exec-3][0;39m [36mcom.revature.services.UserService       [0;39m [2m:[0;39m Getting all Accounts
[2m2021-03-08 11:35:53.601[0;39m [ accountId=5 ] [32m INFO[0;39m [35m11596[0;39m [2m---[0;39m [2m[nio-8080-exec-5][0;39m [36mcom.revature.services.UserService       [0;39m [2m:[0;39m We successfully found Account
[2m2021-03-08 11:35:55.731[0;39m [  ] [32m INFO[0;39m [35m11596[0;39m [2m---[0;39m [2m[nio-8080-exec-5][0;39m [36mcom.revature.services.UserService       [0;39m [2m:[0;39m We successfully withdrew from Account
[2m2021-03-08 11:35:55.732[0;39m [ accountId=5 ] [32m INFO[0;39m [35m11596[0;39m [2m---[0;39m [2m[nio-8080-exec-5][0;39m [36mcom.revature.services.UserService       [0;39m [2m:[0;39m We successfully found Account
[2m2021-03-08 11:35:55.785[0;39m [ accountId=6 ] [32m INFO[0;39m [35m11596[0;39m [2m---[0;39m [2m[nio-8080-exec-5][0;39m [36mcom.revature.services.UserService       [0;39m [2m:[0;39m We successfully deposited into Account
[2m2021-03-08 11:35:55.867[0;39m [ accountId=6 ] [32m INFO[0;39m [35m11596[0;39m [2m---[0;39m [2m[nio-8080-exec-5][0;39m [36mcom.revature.services.UserService       [0;39m [2m:[0;39m We successfully found Account
[2m2021-03-08 11:36:29.172[0;39m [ event=GetAllAccounts ] [32m INFO[0;39m [35m11596[0;39m [2m---[0;39m [2m[nio-8080-exec-6][0;39m [36mcom.revature.services.UserService       [0;39m [2m:[0;39m Getting all Accounts
[2m2021-03-08 11:37:12.962[0;39m [ event=GetAllUsers ] [32m INFO[0;39m [35m11596[0;39m [2m---[0;39m [2m[nio-8080-exec-7][0;39m [36mcom.revature.services.UserService       [0;39m [2m:[0;39m Getting all Users
[2m2021-03-08 11:38:23.674[0;39m [ accountId=15 ] [32m INFO[0;39m [35m11596[0;39m [2m---[0;39m [2m[io-8080-exec-10][0;39m [36mcom.revature.services.UserService       [0;39m [2m:[0;39m We successfully found Account
[2m2021-03-08 11:38:25.768[0;39m [  ] [32m INFO[0;39m [35m11596[0;39m [2m---[0;39m [2m[io-8080-exec-10][0;39m [36mcom.revature.services.UserService       [0;39m [2m:[0;39m We successfully withdrew from Account
[2m2021-03-08 11:38:25.769[0;39m [ accountId=15 ] [32m INFO[0;39m [35m11596[0;39m [2m---[0;39m [2m[io-8080-exec-10][0;39m [36mcom.revature.services.UserService       [0;39m [2m:[0;39m We successfully found Account
[2m2021-03-08 11:38:49.293[0;39m [ event=GetAllUsers ] [32m INFO[0;39m [35m11596[0;39m [2m---[0;39m [2m[nio-8080-exec-2][0;39m [36mcom.revature.services.UserService       [0;39m [2m:[0;39m Getting all Users
[2m2021-03-08 11:39:35.222[0;39m [  ] [32m INFO[0;39m [35m11596[0;39m [2m---[0;39m [2m[nio-8080-exec-3][0;39m [36mcom.revature.services.UserService       [0;39m [2m:[0;39m Logged out
[2m2021-03-08 11:39:52.866[0;39m [ event=login ] [32m INFO[0;39m [35m11596[0;39m [2m---[0;39m [2m[nio-8080-exec-4][0;39m [36mcom.revature.services.UserService       [0;39m [2m:[0;39m User successfully logged in
[2m2021-03-08 11:40:10.821[0;39m [ event=GetAllAccounts ] [32m INFO[0;39m [35m11596[0;39m [2m---[0;39m [2m[nio-8080-exec-5][0;39m [36mcom.revature.services.UserService       [0;39m [2m:[0;39m Getting all Accounts
2021-03-08 11:43:09.695 [  ]  INFO 13880 --- [           main] com.revature.Project1ApplicationTests    : Starting Project1ApplicationTests using Java 1.8.0_282 on DESKTOP-JBB4F52 with PID 13880 (started by Jared Malkin in C:\Users\Jared Malkin\revature\210201sre\Project1\project1)
2021-03-08 11:43:11.754 [  ]  INFO 13880 --- [           main] com.revature.Project1ApplicationTests    : No active profile set, falling back to default profiles: default
2021-03-08 11:43:21.509 [  ]  INFO 13880 --- [           main] com.revature.Project1ApplicationTests    : Started Project1ApplicationTests in 14.268 seconds (JVM running for 15.917)
